<?xml version="1.0" encoding="UTF-8"?>
<!-- Generated by org.testng.reporters.JUnitReportReporter -->
<testsuite skipped="0" hostname="DESKTOP-TFADDNR" name="EcommerceSite" tests="1" failures="0" timestamp="2021-07-21T15:39:23 MST" time="8.839" errors="0">
  <testcase name="f" time="8.839" classname="EcommerceSite"/>
  <system-out/>
</testsuite> <!-- EcommerceSite -->
