<?xml version="1.0" encoding="UTF-8"?>
<!-- Generated by org.testng.reporters.JUnitReportReporter -->
<testsuite skipped="0" hostname="DESKTOP-TFADDNR" name="BrowserActions.Browser" tests="1" failures="0" timestamp="2021-07-16T15:20:06 MST" time="11.661" errors="0">
  <testcase name="f" time="11.661" classname="BrowserActions.Browser"/>
  <system-out/>
</testsuite> <!-- BrowserActions.Browser -->
